[mitis-first-project.webflow.io/index.html]
[backblue.gif]
[fade.gif]
[index.html]
[uploads-ssl.webflow.com/5acce2f76634d20d2d4cd2dc/css/mitis-first-project.webflow.0884488e8.css]
[ajax.googleapis.com/ajax/libs/webfont/1.4.7/webfont.js]
[daks2k3a4ib2z.cloudfront.net/img/webclip.png]
[uploads.webflow.com/5acce2f76634d20d2d4cd2dc/5acce2f86634d24dd84cd2f8_minimal-logo.png]
[uploads.webflow.com/5acce2f76634d20d2d4cd2dc/5acce2f86634d25e1d4cd2ff_x-black.png]
[uploads.webflow.com/5acce2f76634d20d2d4cd2dc/5acce2f86634d2f9814cd300_icon-target.png]
[uploads.webflow.com/5acce2f76634d20d2d4cd2dc/5acce2f86634d2f5724cd301_icon-design.png]
[uploads.webflow.com/5acce2f76634d20d2d4cd2dc/5acce2f86634d2e8ff4cd2f0_icon-chart.png]
[mitis-first-project.webflow.io/project-page.html]
[uploads.webflow.com/5acce2f76634d20d2d4cd2dc/5acce2f86634d213ff4cd312_proj11.jpg]
[uploads.webflow.com/5acce2f76634d20d2d4cd2dc/5acce2f86634d2f0b74cd308_proj4.jpg]
[uploads.webflow.com/5acce2f76634d20d2d4cd2dc/5acce2f86634d29ec24cd30f_proj6.jpg]
[uploads.webflow.com/5acce2f76634d20d2d4cd2dc/5acce2f86634d2454e4cd313_proj8.jpg]
[uploads.webflow.com/5acce2f76634d20d2d4cd2dc/5acce2f86634d2336a4cd309_proj9.jpg]
[uploads.webflow.com/5acce2f76634d20d2d4cd2dc/5acce2f86634d281024cd30c_project2.jpg]
[uploads.webflow.com/5acce2f76634d20d2d4cd2dc/5acce2f86634d21af14cd310_proj7.jpg]
[uploads.webflow.com/5acce2f76634d20d2d4cd2dc/5acce2f86634d2a4b74cd30b_proj12.jpg]
[uploads.webflow.com/5acce2f76634d20d2d4cd2dc/5acce2f86634d2f1f84cd307_project1.jpg]
[uploads.webflow.com/5acce2f76634d20d2d4cd2dc/5acce2f86634d2f2be4cd2f1_person1.png]
[uploads.webflow.com/5acce2f76634d20d2d4cd2dc/5acce2f86634d28b414cd304_person2.png]
[uploads.webflow.com/5acce2f76634d20d2d4cd2dc/5acce2f86634d2705f4cd2eb_person3.png]
[uploads.webflow.com/5acce2f76634d20d2d4cd2dc/5acce2f86634d227314cd2fd_person4.png]
[uploads.webflow.com/5acce2f76634d20d2d4cd2dc/5acce2f86634d221e84cd2f2_128.jpg]
[uploads.webflow.com/5acce2f76634d20d2d4cd2dc/5acce2f86634d227624cd2f7_krystal.jpg]
[uploads.webflow.com/5acce2f76634d20d2d4cd2dc/5acce2f86634d249374cd2fe_face-am.jpg]
[uploads.webflow.com/5acce2f76634d20d2d4cd2dc/5acce2f86634d20d594cd2f9_face-chad.jpg]
[uploads.webflow.com/5acce2f76634d20d2d4cd2dc/5acce2f86634d2aef14cd2f4_map-icon.png]
[uploads.webflow.com/5acce2f76634d20d2d4cd2dc/5acce2f86634d255eb4cd2f5_mail-icon.png]
[uploads.webflow.com/5acce2f76634d20d2d4cd2dc/5acce2f86634d207d64cd306_footer-logo.png]
[uploads-ssl.webflow.com/5acce2f76634d20d2d4cd2dc/js/webflow.4c658eb02.js]
[mitis-first-project.webflow.io/index.html]
[uploads.webflow.com/5acce2f76634d20d2d4cd2dc/header_image.jpg]
[uploads.webflow.com/5acce2f76634d20d2d4cd2dc/5acce2f86634d225fc4cd317_lake.jpg]
[uploads.webflow.com/5acce2f76634d20d2d4cd2dc/5acce2f86634d260ac4cd30d_footer-bg.jpg]
[uploads-ssl.webflow.com/5acce2f76634d20d2d4cd2dc/css/mitis-first-project.webflow.0884488e8.css]
[code.jquery.com/jquery-3.3.1.min.js]
[uploads.webflow.com/5acce2f76634d20d2d4cd2dc/5acce2f86634d226884cd30a_browser_window.png]
[mitis-first-project.webflow.io/project-page.html]
